d:\c++\c++\x64\debug\vc143.pdb
d:\c++\c++\x64\debug\vc143.idb
d:\c++\c++\x64\debug\spriteobject.obj
d:\c++\c++\x64\debug\main.obj
d:\c++\c++\x64\debug\scenehandler.obj
d:\c++\c++\x64\debug\scene.obj
d:\c++\c++\x64\debug\quittomenubutton.obj
d:\c++\c++\x64\debug\quitbutton.obj
d:\c++\c++\x64\debug\player.obj
d:\c++\c++\x64\debug\playbutton.obj
d:\c++\c++\x64\debug\highscoremanager.obj
d:\c++\c++\x64\debug\gameobject.obj
d:\c++\c++\x64\debug\erasedatabutton.obj
d:\c++\c++\x64\debug\enemy.obj
d:\c++\c++\x64\debug\button.obj
d:\c++\x64\debug\c++.exe
d:\c++\x64\debug\c++.pdb
d:\c++\c++\x64\debug\c++.ilk
d:\c++\c++\x64\debug\c++.tlog\cl.command.1.tlog
d:\c++\c++\x64\debug\c++.tlog\cl.items.tlog
d:\c++\c++\x64\debug\c++.tlog\cl.read.1.tlog
d:\c++\c++\x64\debug\c++.tlog\cl.write.1.tlog
d:\c++\c++\x64\debug\c++.tlog\link.command.1.tlog
d:\c++\c++\x64\debug\c++.tlog\link.read.1.tlog
d:\c++\c++\x64\debug\c++.tlog\link.secondary.1.tlog
d:\c++\c++\x64\debug\c++.tlog\link.write.1.tlog
